<?xml version="1.0" encoding="UTF-8"?>
<!-- Generated by org.testng.reporters.JUnitReportReporter -->
<testsuite hostname="DESKTOP-3ATMJAD" failures="0" tests="2" name="testNGClass1.BuyShare1" time="58.868" errors="0" timestamp="2022-09-26T23:18:57 IST" skipped="0">
  <testcase classname="testNGClass1.BuyShare1" name="buyShare" time="24.699"/>
  <system-out/>
  <testcase classname="testNGClass1.BuyShare1" name="sellShare" time="34.169"/>
  <system-out/>
</testsuite> <!-- testNGClass1.BuyShare1 -->
