<?xml version="1.0" encoding="UTF-8"?>
<!-- Generated by org.testng.reporters.JUnitReportReporter -->
<testsuite hostname="DESKTOP-3ATMJAD" failures="0" tests="2" name="testNGClass1.BuyShare1" time="62.094" errors="0" timestamp="2022-09-20T15:14:25 IST" skipped="0">
  <testcase classname="testNGClass1.BuyShare1" name="buyShare" time="32.236"/>
  <system-out/>
  <testcase classname="testNGClass1.BuyShare1" name="sellShare" time="29.858"/>
  <system-out/>
</testsuite> <!-- testNGClass1.BuyShare1 -->
