<?xml version="1.0" encoding="UTF-8"?>
<!-- Generated by org.testng.reporters.JUnitReportReporter -->
<testsuite hostname="DESKTOP-3ATMJAD" failures="0" tests="2" name="testNGClass1.BuyShare" time="23.381" errors="0" timestamp="2022-09-20T15:14:25 IST" skipped="0">
  <testcase classname="testNGClass1.BuyShare" name="openOrder" time="3.634"/>
  <system-out/>
  <testcase classname="testNGClass1.BuyShare" name="openMarket" time="19.747"/>
  <system-out/>
</testsuite> <!-- testNGClass1.BuyShare -->
