<?xml version="1.0" encoding="UTF-8"?>
<!-- Generated by org.testng.reporters.JUnitReportReporter -->
<testsuite hostname="DESKTOP-3ATMJAD" failures="1" tests="2" name="testNGClass1.BuyShare" time="25.340" errors="0" timestamp="2022-09-26T23:18:57 IST" skipped="0">
  <testcase classname="testNGClass1.BuyShare" name="openMarket" time="18.872"/>
  <system-out/>
  <testcase classname="testNGClass1.BuyShare" name="openOrder" time="6.468">
    <failure message="The following asserts failed:
	expected [https://trade.angelbroking.co/trade/trading/orderbook] but found [https://trade.angelbroking.com/trade/trading/orderbook]" type="java.lang.AssertionError">
      <![CDATA[java.lang.AssertionError: The following asserts failed:
expected [https://trade.angelbroking.co/trade/trading/orderbook] but found [https://trade.angelbroking.com/trade/trading/orderbook]
at org.testng.asserts.SoftAssert.assertAll(SoftAssert.java:47)
at org.testng.asserts.SoftAssert.assertAll(SoftAssert.java:31)
at testNGClass1.BuyShare.openOrder(BuyShare.java:108)
at java.base/jdk.internal.reflect.DirectMethodHandleAccessor.invoke(DirectMethodHandleAccessor.java:104)
at java.base/java.lang.reflect.Method.invoke(Method.java:577)
at org.testng.internal.MethodInvocationHelper.invokeMethod(MethodInvocationHelper.java:133)
at org.testng.internal.TestInvoker.invokeMethod(TestInvoker.java:598)
at org.testng.internal.TestInvoker.invokeTestMethod(TestInvoker.java:173)
at org.testng.internal.MethodRunner.runInSequence(MethodRunner.java:46)
at org.testng.internal.TestInvoker$MethodInvocationAgent.invoke(TestInvoker.java:824)
at org.testng.internal.TestInvoker.invokeTestMethods(TestInvoker.java:146)
at org.testng.internal.TestMethodWorker.invokeTestMethods(TestMethodWorker.java:146)
at org.testng.internal.TestMethodWorker.run(TestMethodWorker.java:128)
at java.base/java.util.concurrent.ThreadPoolExecutor.runWorker(ThreadPoolExecutor.java:1136)
at java.base/java.util.concurrent.ThreadPoolExecutor$Worker.run(ThreadPoolExecutor.java:635)
at java.base/java.lang.Thread.run(Thread.java:833)
]]>
    </failure>
  </testcase> <!-- openOrder -->
  <system-out/>
</testsuite> <!-- testNGClass1.BuyShare -->
